<?xml version="1.0" encoding="UTF-8" ?>
<testsuite tests="37" failures="0" name="info.customer.test.TestRunner" time="0.061" errors="0" skipped="0">
  <properties>
    <property name="java.runtime.name" value="Java(TM) SE Runtime Environment"/>
    <property name="sun.boot.library.path" value="C:\Program Files\Java\jdk1.8.0_91\jre\bin"/>
    <property name="java.vm.version" value="25.91-b14"/>
    <property name="java.vm.vendor" value="Oracle Corporation"/>
    <property name="maven.multiModuleProjectDirectory" value="C:\Users\uditc\WebService\CustomerData\CustomerData"/>
    <property name="java.vendor.url" value="http://java.oracle.com/"/>
    <property name="path.separator" value=";"/>
    <property name="guice.disable.misplaced.annotation.check" value="true"/>
    <property name="java.vm.name" value="Java HotSpot(TM) 64-Bit Server VM"/>
    <property name="file.encoding.pkg" value="sun.io"/>
    <property name="user.script" value=""/>
    <property name="user.country" value="NZ"/>
    <property name="sun.java.launcher" value="SUN_STANDARD"/>
    <property name="sun.os.patch.level" value=""/>
    <property name="java.vm.specification.name" value="Java Virtual Machine Specification"/>
    <property name="user.dir" value="C:\Users\uditc\WebService\CustomerData\CustomerData"/>
    <property name="java.runtime.version" value="1.8.0_91-b14"/>
    <property name="java.awt.graphicsenv" value="sun.awt.Win32GraphicsEnvironment"/>
    <property name="java.endorsed.dirs" value="C:\Program Files\Java\jdk1.8.0_91\jre\lib\endorsed"/>
    <property name="os.arch" value="amd64"/>
    <property name="java.io.tmpdir" value="C:\Users\uditc\AppData\Local\Temp\"/>
    <property name="line.separator" value="
"/>
    <property name="java.vm.specification.vendor" value="Oracle Corporation"/>
    <property name="user.variant" value=""/>
    <property name="os.name" value="Windows 10"/>
    <property name="classworlds.conf" value="C:\Users\uditc\WebService\.metadata\.plugins\org.eclipse.m2e.launching\launches\m2conf7051165850493888195.tmp"/>
    <property name="sun.jnu.encoding" value="Cp1252"/>
    <property name="java.library.path" value="C:\Program Files\Java\jdk1.8.0_91\bin;C:\Windows\Sun\Java\bin;C:\Windows\system32;C:\Windows;C:/Program Files/Java/jre1.8.0_91/bin/server;C:/Program Files/Java/jre1.8.0_91/bin;C:/Program Files/Java/jre1.8.0_91/lib/amd64;C:\Program Files (x86)\PHP\v5.6;C:\ProgramData\Oracle\Java\javapath;C:\Windows\system32;C:\Windows;C:\Windows\System32\Wbem;C:\Windows\System32\WindowsPowerShell\v1.0\;C:\Program Files (x86)\Skype\Phone\;C:\Program Files\Java\jdk1.8.0_91\bin;C:\Program Files\Git\cmd;C:\apache-maven-3.3.9\bin;C:\Program Files (x86)\Windows Live\Shared;C:\Program Files\Microsoft SQL Server\130\Tools\Binn\;C:\Users\uditc\android-sdks\tools;C:\Users\uditc\android-sdks\platform-tools;C:\Program Files\nodejs\;%USERPROFILE%\.dnx\bin;C:\Program Files\Microsoft DNX\Dnvm\;C:\Program Files (x86)\Windows Kits\10\Windows Performance Toolkit\;C:\Program Files (x86)\Microsoft Emulator Manager\1.0\;%CATALINA_HOME%\bin;C:\Program Files\Docker Toolbox;C:\Users\uditc\AppData\Roaming\npm;C:\Users\uditc\AppData\Local\atom\bin;E:\eclipse-java-mars-2-win32-x86_64\eclipse;;."/>
    <property name="java.specification.name" value="Java Platform API Specification"/>
    <property name="java.class.version" value="52.0"/>
    <property name="sun.management.compiler" value="HotSpot 64-Bit Tiered Compilers"/>
    <property name="os.version" value="10.0"/>
    <property name="user.home" value="C:\Users\uditc"/>
    <property name="user.timezone" value="Pacific/Auckland"/>
    <property name="java.awt.printerjob" value="sun.awt.windows.WPrinterJob"/>
    <property name="java.specification.version" value="1.8"/>
    <property name="file.encoding" value="Cp1252"/>
    <property name="user.name" value="uditc"/>
    <property name="java.class.path" value="/E:/eclipse-java-mars-2-win32-x86_64/eclipse/plugins/org.eclipse.m2e.maven.runtime_1.6.2.20150902-0001/jars/plexus-classworlds-2.5.2.jar"/>
    <property name="java.vm.specification.version" value="1.8"/>
    <property name="sun.arch.data.model" value="64"/>
    <property name="java.home" value="C:\Program Files\Java\jdk1.8.0_91\jre"/>
    <property name="sun.java.command" value="org.codehaus.plexus.classworlds.launcher.Launcher -B test"/>
    <property name="java.specification.vendor" value="Oracle Corporation"/>
    <property name="user.language" value="en"/>
    <property name="awt.toolkit" value="sun.awt.windows.WToolkit"/>
    <property name="java.vm.info" value="mixed mode"/>
    <property name="java.version" value="1.8.0_91"/>
    <property name="java.ext.dirs" value="C:\Program Files\Java\jdk1.8.0_91\jre\lib\ext;C:\Windows\Sun\Java\lib\ext"/>
    <property name="sun.boot.class.path" value="C:\Program Files\Java\jdk1.8.0_91\jre\lib\resources.jar;C:\Program Files\Java\jdk1.8.0_91\jre\lib\rt.jar;C:\Program Files\Java\jdk1.8.0_91\jre\lib\sunrsasign.jar;C:\Program Files\Java\jdk1.8.0_91\jre\lib\jsse.jar;C:\Program Files\Java\jdk1.8.0_91\jre\lib\jce.jar;C:\Program Files\Java\jdk1.8.0_91\jre\lib\charsets.jar;C:\Program Files\Java\jdk1.8.0_91\jre\lib\jfr.jar;C:\Program Files\Java\jdk1.8.0_91\jre\classes"/>
    <property name="java.vendor" value="Oracle Corporation"/>
    <property name="maven.home" value="C:\Users\uditc\WebService\CustomerData\CustomerData\EMBEDDED"/>
    <property name="file.separator" value="\"/>
    <property name="java.vendor.url.bug" value="http://bugreport.sun.com/bugreport/"/>
    <property name="sun.cpu.endian" value="little"/>
    <property name="sun.io.unicode.encoding" value="UnicodeLittle"/>
    <property name="sun.desktop" value="windows"/>
    <property name="sun.cpu.isalist" value="amd64"/>
  </properties>
  <testcase classname="Scenario: Add/create a new customer&apos;s data" name="Given URL is &quot;http://localhost:8080/CustomerData/rest/xml/&quot;" time="0.003"/>
  <testcase classname="Scenario: Add/create a new customer&apos;s data" name="Given the client has to add a new customer with name &quot;Udit&quot;, address &quot;Random Street&quot; and phone &quot;229911122&quot;" time="0"/>
  <testcase classname="Scenario: Add/create a new customer&apos;s data" name="When the client sends the POST request" time="0"/>
  <testcase classname="Scenario: Add/create a new customer&apos;s data" name="Then the client should obtain the following XML message" time="0"/>
  <testcase classname="Scenario: Add/create a new customer&apos;s data" name="Scenario: Add/create a new customer&apos;s data" time="0.014"/>
  <testcase classname="| David | 2 random st. | 226611000 |" name="Given URL is &quot;http://localhost:8080/CustomerData/rest/xml/&quot;" time="0"/>
  <testcase classname="| David | 2 random st. | 226611000 |" name="Given the client has to add a new customer with name &quot;David&quot;, address &quot;2 random st.&quot; and phone &quot;226611000&quot;" time="0"/>
  <testcase classname="| David | 2 random st. | 226611000 |" name="When the client sends the POST request" time="0"/>
  <testcase classname="| David | 2 random st. | 226611000 |" name="Then the client should obtain the following XML message" time="0"/>
  <testcase classname="| David | 2 random st. | 226611000 |" name="| David | 2 random st. | 226611000 |" time="0.019"/>
  <testcase classname="| Peter | Queen St. | 220001166 |" name="Given URL is &quot;http://localhost:8080/CustomerData/rest/xml/&quot;" time="0"/>
  <testcase classname="| Peter | Queen St. | 220001166 |" name="Given the client has to add a new customer with name &quot;Peter&quot;, address &quot;Queen St.&quot; and phone &quot;220001166&quot;" time="0"/>
  <testcase classname="| Peter | Queen St. | 220001166 |" name="When the client sends the POST request" time="0"/>
  <testcase classname="| Peter | Queen St. | 220001166 |" name="Then the client should obtain the following XML message" time="0"/>
  <testcase classname="| Peter | Queen St. | 220001166 |" name="| Peter | Queen St. | 220001166 |" time="0.005"/>
  <testcase classname="| Gary | Hobsan St. | 661062217 |" name="Given URL is &quot;http://localhost:8080/CustomerData/rest/xml/&quot;" time="0"/>
  <testcase classname="| Gary | Hobsan St. | 661062217 |" name="Given the client has to add a new customer with name &quot;Gary&quot;, address &quot;Hobsan St.&quot; and phone &quot;661062217&quot;" time="0"/>
  <testcase classname="| Gary | Hobsan St. | 661062217 |" name="When the client sends the POST request" time="0"/>
  <testcase classname="| Gary | Hobsan St. | 661062217 |" name="Then the client should obtain the following XML message" time="0"/>
  <testcase classname="| Gary | Hobsan St. | 661062217 |" name="| Gary | Hobsan St. | 661062217 |" time="0.005"/>
  <testcase classname="Scenario: Read an existing customer&apos;s data" name="Given URL is &quot;http://localhost:8080/CustomerData/rest/xml/&quot;" time="0"/>
  <testcase classname="Scenario: Read an existing customer&apos;s data" name="Given database has a customer&apos;s data with name &quot;Udit&quot;, address &quot;Random Street&quot; and phone &quot;229911122&quot;" time="0"/>
  <testcase classname="Scenario: Read an existing customer&apos;s data" name="When the client sends the GET request with name &quot;Udit&quot;" time="0"/>
  <testcase classname="Scenario: Read an existing customer&apos;s data" name="Then the client should obtain the following XML message" time="0"/>
  <testcase classname="Scenario: Read an existing customer&apos;s data" name="Scenario: Read an existing customer&apos;s data" time="0.006"/>
  <testcase classname="Scenario: Fetching all the data" name="Given URL is &quot;http://localhost:8080/CustomerData/rest/xml/&quot;" time="0"/>
  <testcase classname="Scenario: Fetching all the data" name="Given database has a customer&apos;s data with name &quot;David&quot;, address &quot;2 random st.&quot; and phone &quot;226611000&quot;" time="0"/>
  <testcase classname="Scenario: Fetching all the data" name="And database has another customer&apos;s data with name &quot;Peter&quot;, address &quot;Queen St.&quot; and phone &quot;220001166&quot;" time="0"/>
  <testcase classname="Scenario: Fetching all the data" name="And database has another customer&apos;s data with name &quot;Gary&quot;, address &quot;Hobsan St.&quot; and phone &quot;661062217&quot;" time="0"/>
  <testcase classname="Scenario: Fetching all the data" name="When the client sends the GET request" time="0"/>
  <testcase classname="Scenario: Fetching all the data" name="Then the client should obtain the following XML message" time="0.001"/>
  <testcase classname="Scenario: Fetching all the data" name="Scenario: Fetching all the data" time="0.001"/>
  <testcase classname="Scenario: Try to get data of non existing customer" name="Given URL is &quot;http://localhost:8080/CustomerData/rest/xml/&quot;" time="0"/>
  <testcase classname="Scenario: Try to get data of non existing customer" name="Given there is no customer&apos;s data with name &quot;RandomCustomer&quot;" time="0.001"/>
  <testcase classname="Scenario: Try to get data of non existing customer" name="When the client sends the GET request with name &quot;RandomCustomer&quot;" time="0"/>
  <testcase classname="Scenario: Try to get data of non existing customer" name="Then the client should obtain the following XML message" time="0"/>
  <testcase classname="Scenario: Try to get data of non existing customer" name="Scenario: Try to get data of non existing customer" time="0.006"/>
</testsuite>